#
# A fatal error has been detected by the Java Runtime Environment:
#
#  SIGILL (0x4) at pc=0x00007fff2320cd28, pid=26397, tid=0x0000000000000103
#
# JRE version: OpenJDK Runtime Environment (8.0_242-b08) (build 1.8.0_242-b08)
# Java VM: OpenJDK 64-Bit Server VM (25.242-b08 mixed mode bsd-amd64 compressed oops)
# Problematic frame:
# C  [AppKit+0x3ead28]  -[NSApplication _crashOnException:]+0x15b
#
# Failed to write core dump. Core dumps have been disabled. To enable core dumping, try "ulimit -c unlimited" before starting Java again
#
# If you would like to submit a bug report, please visit:
#   http://bugreport.java.com/bugreport/crash.jsp
# The crash happened outside the Java Virtual Machine in native code.
# See problematic frame for where to report the bug.
#

---------------  T H R E A D  ---------------

Current thread (0x00007fb6ed8aa000):  JavaThread "AppKit Thread" daemon [_thread_in_native, id=259, stack(0x00007ffeee3eb000,0x00007ffeeebeb000)]

siginfo: si_signo: 4 (SIGILL), si_code: 1 (ILL_ILLOPC), si_addr: 0x00007fff2320cd28

Registers:
RAX=0x00007fb6e9f56a00, RBX=0x00007fff20406800, RCX=0x80e09f64fa7c00df, RDX=0xffffffffffffff01
RSP=0x00007ffeeebe4920, RBP=0x00007ffeeebe4950, RSI=0x0000000000000ed3, RDI=0x00007ffeeebe44c0
R8 =0x0000000008000100, R9 =0x0000000000000000, R10=0x00007ffeeebe4428, R11=0x0000000000000fff
R12=0x00007fb6e900a068, R13=0x00007fb6f0e19c60, R14=0x00007fb6e8dadf60, R15=0x00007fff7bb5bc35
RIP=0x00007fff2320cd28, EFLAGS=0x0000000000010202, ERR=0x0000000000000000
  TRAPNO=0x0000000000000006

Top of Stack: (sp=0x00007ffeeebe4920)
0x00007ffeeebe4920:   e8dae01008420102 0000000000007fb6
0x00007ffeeebe4930:   000000ff000000ff 00007fb6f0e19d60
0x00007ffeeebe4940:   00007fb6e8daa1a0 00007fb6f0e19c60
0x00007ffeeebe4950:   00007ffeeebe4a90 00007fff22fe4ef8
0x00007ffeeebe4960:   00007fb6e8daf428 00007fb6f3c388c0
0x00007ffeeebe4970:   00007fff20406800 00007fb6e8daf420
0x00007ffeeebe4980:   00007ffeeebe49e0 00007fff22e7c2f1
0x00007ffeeebe4990:   00007fb6f3c40750 00007fb6f3c388c0
0x00007ffeeebe49a0:   00007ffeeebe49e0 00007fff22e7c182
0x00007ffeeebe49b0:   80e09f64fa7c00df 00007fb6e8daf420
0x00007ffeeebe49c0:   00007fb6e8daf420 00007fb6e7cc82f0
0x00007ffeeebe49d0:   0000000000200000 0000000000000002
0x00007ffeeebe49e0:   00007fb6f08517b0 0000000000000002
0x00007ffeeebe49f0:   0000000020000000 0000000000000003
0x00007ffeeebe4a00:   00007fb6e7cf0220 0000000000000003
0x00007ffeeebe4a10:   0000000000000030 0000000101039600
0x00007ffeeebe4a20:   00007ffeeebe4ab0 00007fff20394723
0x00007ffeeebe4a30:   0000000000000103 0000000000000000
0x00007ffeeebe4a40:   00007fb6e880db90 00007fb6e7cf0250
0x00007ffeeebe4a50:   00000006eae9fe00 0000000000000003
0x00007ffeeebe4a60:   80e09f64fa7c00df 00007fb6e8db22d0
0x00007ffeeebe4a70:   00007fb6e900a068 00007fb6f0e19c60
0x00007ffeeebe4a80:   0000000000000002 00007fb6f0e19c60
0x00007ffeeebe4a90:   00007ffeeebe4ac0 00007fff23739cc3
0x00007ffeeebe4aa0:   00007fb6e8db22d0 00007fff206611f3
0x00007ffeeebe4ab0:   0000000000000002 0000000000000000
0x00007ffeeebe4ac0:   00007ffeeebe4ad0 00007fff20660d31
0x00007ffeeebe4ad0:   00007ffeeebe4ba0 00007fff20660bc5
0x00007ffeeebe4ae0:   00007fb6f0e19c60 00007fff20564448
0x00007ffeeebe4af0:   00007fff205e4667 0000000000000028
0x00007ffeeebe4b00:   00007fff802a69a8 00007fff20660a58
0x00007ffeeebe4b10:   00007fb6e880dc90 0000000500002d8a 

Instructions: (pc=0x00007fff2320cd28)
0x00007fff2320cd08:   48 89 c7 ff 15 8f 49 25 64 48 8b 35 30 e8 a3 5d
0x00007fff2320cd18:   48 89 c7 ff 15 7f 49 25 64 48 89 05 78 cb a9 5d
0x00007fff2320cd28:   0f 0b 48 89 c7 e8 80 47 7b 00 31 ff 31 f6 31 c0
0x00007fff2320cd38:   e8 da 0d e2 ff e8 a0 47 7b 00 0f 0b 48 89 c3 e8 

Register to memory mapping:

RAX=0x00007fb6e9f56a00 is an unknown value
RBX=0x00007fff20406800: objc_msgSend+0 in /usr/lib/libobjc.A.dylib at 0x00007fff20400000
RCX=0x80e09f64fa7c00df is an unknown value
RDX=0xffffffffffffff01 is an unknown value
RSP=0x00007ffeeebe4920 is pointing into the stack for thread: 0x00007fb6ed8aa000
RBP=0x00007ffeeebe4950 is pointing into the stack for thread: 0x00007fb6ed8aa000
RSI=0x0000000000000ed3 is an unknown value
RDI=0x00007ffeeebe44c0 is pointing into the stack for thread: 0x00007fb6ed8aa000
R8 =0x0000000008000100 is an unknown value
R9 =0x0000000000000000 is an unknown value
R10=0x00007ffeeebe4428 is pointing into the stack for thread: 0x00007fb6ed8aa000
R11=0x0000000000000fff is an unknown value
R12=0x00007fb6e900a068 is an unknown value
R13=0x00007fb6f0e19c60 is an unknown value
R14=0x00007fb6e8dadf60 is an unknown value
R15=0x00007fff7bb5bc35: GCC_except_table772+0x5b726325 in /usr/lib/libobjc.A.dylib at 0x00007fff20400000


Stack: [0x00007ffeee3eb000,0x00007ffeeebeb000],  sp=0x00007ffeeebe4920,  free space=8166k
Native frames: (J=compiled Java code, j=interpreted, Vv=VM code, C=native code)
C  [AppKit+0x3ead28]  -[NSApplication _crashOnException:]+0x15b
C  [AppKit+0x1c2ef8]  __62+[CATransaction(NSCATransaction) NS_setFlushesWithDisplayLink]_block_invoke+0x359
C  [AppKit+0x917cc3]  ___NSRunLoopObserverCreateWithHandler_block_invoke+0x29
C  [CoreFoundation+0x80d31]  __CFRUNLOOP_IS_CALLING_OUT_TO_AN_OBSERVER_CALLBACK_FUNCTION__+0x17
C  [CoreFoundation+0x80bc5]  __CFRunLoopDoObservers+0x21f
C  [CoreFoundation+0x80058]  __CFRunLoopRun+0x349
C  [CoreFoundation+0x7f64c]  CFRunLoopRunSpecific+0x233
C  [HIToolbox+0x30ab3]  RunCurrentEventLoopInMode+0x124
C  [HIToolbox+0x30815]  ReceiveNextEventCommon+0x24b
C  [HIToolbox+0x305b3]  _BlockUntilNextEventMatchingListInModeWithFilter+0x46
C  [AppKit+0x3e6f2]  _DPSNextEvent+0x360
C  [AppKit+0x3cec5]  -[NSApplication(NSEvent) _nextEventMatchingEventMask:untilDate:inMode:dequeue:]+0x554
C  [libosxapp.dylib+0x2328]  -[NSApplicationAWT nextEventMatchingMask:untilDate:inMode:dequeue:]+0x7c
C  [AppKit+0x2f239]  -[NSApplication run]+0x24a
C  [libosxapp.dylib+0x1f72]  +[NSApplicationAWT runAWTLoopWithApp:]+0x9c
C  [libawt_lwawt.dylib+0x4711f]  -[AWTStarter starter:]+0x389
C  [Foundation+0x80bc1]  __NSThreadPerformPerform+0xcc
C  [CoreFoundation+0x8197c]  __CFRUNLOOP_IS_CALLING_OUT_TO_A_SOURCE0_PERFORM_FUNCTION__+0x11
C  [CoreFoundation+0x818e4]  __CFRunLoopDoSource0+0xb4
C  [CoreFoundation+0x81664]  __CFRunLoopDoSources0+0xf2
C  [CoreFoundation+0x8008c]  __CFRunLoopRun+0x37d
C  [CoreFoundation+0x7f64c]  CFRunLoopRunSpecific+0x233
C  [java+0x646e]  CreateExecutionEnvironment+0x367
C  [java+0x203c]  JLI_Launch+0x7a0
C  [java+0x84d2]  main+0x6c
C  [java+0x1894]  start+0x34
C  0x0000000000000023


---------------  P R O C E S S  ---------------

Java Threads: ( => current thread )
  0x00007fb6eb55d000 JavaThread "Timer hack thread" daemon [_thread_blocked, id=13063, stack(0x000070000fe61000,0x000070000ff61000)]
  0x00007fb6eab1c800 JavaThread "AWT-Shutdown" [_thread_blocked, id=36103, stack(0x000070000f8c9000,0x000070000f9c9000)]
  0x00007fb6ea163800 JavaThread "Snooper Timer" daemon [_thread_blocked, id=82699, stack(0x000070000fc5b000,0x000070000fd5b000)]
=>0x00007fb6ed8aa000 JavaThread "AppKit Thread" daemon [_thread_in_native, id=259, stack(0x00007ffeee3eb000,0x00007ffeeebeb000)]
  0x00007fb6ed809000 JavaThread "Service Thread" daemon [_thread_blocked, id=16643, stack(0x000070000f640000,0x000070000f740000)]
  0x00007fb6e804a800 JavaThread "C1 CompilerThread3" daemon [_thread_blocked, id=15619, stack(0x000070000f53d000,0x000070000f63d000)]
  0x00007fb6e8043000 JavaThread "C2 CompilerThread2" daemon [_thread_in_native, id=17411, stack(0x000070000f43a000,0x000070000f53a000)]
  0x00007fb6ea811000 JavaThread "C2 CompilerThread1" daemon [_thread_in_native, id=17923, stack(0x000070000f337000,0x000070000f437000)]
  0x00007fb6ea810800 JavaThread "C2 CompilerThread0" daemon [_thread_in_native, id=15107, stack(0x000070000f234000,0x000070000f334000)]
  0x00007fb6ea80f800 JavaThread "Signal Dispatcher" daemon [_thread_blocked, id=14595, stack(0x000070000f131000,0x000070000f231000)]
  0x00007fb6e8041800 JavaThread "Finalizer" daemon [_thread_blocked, id=12291, stack(0x000070000ef28000,0x000070000f028000)]
  0x00007fb6ed808800 JavaThread "Reference Handler" daemon [_thread_blocked, id=12035, stack(0x000070000ee25000,0x000070000ef25000)]
  0x00007fb6e8008800 JavaThread "Client thread" [_thread_in_vm, id=3075, stack(0x000070000e407000,0x000070000e507000)]

Other Threads:
  0x00007fb6e803d000 VMThread [stack: 0x000070000ed22000,0x000070000ee22000] [id=11523]
  0x00007fb6ee00e000 WatcherThread [stack: 0x000070000f743000,0x000070000f843000] [id=16131]

VM state:not at safepoint (normal execution)

VM Mutex/Monitor currently owned by a thread:  ([mutex/lock_event])
[0x00007fb6e880f420] CodeCache_lock - owner thread: 0x00007fb6e8043000
[0x00007fb6e88107a0] CompileTaskAlloc_lock - owner thread: 0x0000000000000000

heap address: 0x0000000540000000, size: 10240 MB, Compressed Oops mode: Zero based, Oop shift amount: 3
Narrow klass base: 0x0000000000000000, Narrow klass shift: 3
Compressed class space size: 1073741824 Address: 0x00000007c0000000

Heap:
 PSYoungGen      total 744960K, used 377160K [0x00000006eab00000, 0x000000071c400000, 0x00000007c0000000)
  eden space 697856K, 54% used [0x00000006eab00000,0x0000000701b520d8,0x0000000715480000)
  from space 47104K, 0% used [0x0000000718280000,0x0000000718280000,0x000000071b080000)
  to   space 47104K, 0% used [0x0000000715480000,0x0000000715480000,0x0000000718280000)
 ParOldGen       total 267264K, used 101968K [0x0000000540000000, 0x0000000550500000, 0x00000006eab00000)
  object space 267264K, 38% used [0x0000000540000000,0x00000005463943f8,0x0000000550500000)
 Metaspace       used 39124K, capacity 39839K, committed 40232K, reserved 1083392K
  class space    used 5216K, capacity 5406K, committed 5424K, reserved 1048576K

Card table byte_map: [0x0000000115ceb000,0x00000001170ec000] byte_map_base: 0x00000001132eb000

Marking Bits: (ParMarkBitMap*) 0x000000010609f5b0
 Begin Bits: [0x0000000117e42000, 0x0000000121e42000)
 End Bits:   [0x0000000121e42000, 0x000000012be42000)

Polling page: 0x0000000101088000

CodeCache: size=245760Kb used=15737Kb max_used=16666Kb free=230022Kb
 bounds [0x0000000106ceb000, 0x0000000107d4b000, 0x0000000115ceb000]
 total_blobs=4940 nmethods=4374 adapters=480
 compilation: enabled

Compilation events (10 events):
Event: 13.797 Thread 0x00007fb6e804a800 5264       3       java.lang.reflect.Field::acquireFieldAccessor (59 bytes)
Event: 13.798 Thread 0x00007fb6e804a800 nmethod 5264 0x00000001077d3590 code [0x00000001077d3780, 0x00000001077d3ee8]
Event: 13.800 Thread 0x00007fb6e804a800 5267       3       sun.reflect.FieldAccessorImpl::<init> (5 bytes)
Event: 13.800 Thread 0x00007fb6e804a800 nmethod 5267 0x00000001076e6710 code [0x00000001076e6880, 0x00000001076e6a90]
Event: 13.801 Thread 0x00007fb6e804a800 5268       3       sun.reflect.UnsafeFieldAccessorImpl::<init> (56 bytes)
Event: 13.801 Thread 0x00007fb6e804a800 nmethod 5268 0x00000001071e0cd0 code [0x00000001071e0e80, 0x00000001071e15b8]
Event: 13.804 Thread 0x00007fb6e804a800 5269       2       sun.misc.JarIndex::get (49 bytes)
Event: 13.804 Thread 0x00007fb6e804a800 nmethod 5269 0x00000001072d74d0 code [0x00000001072d7680, 0x00000001072d7998]
Event: 13.806 Thread 0x00007fb6e804a800 5270   !   2       sun.misc.URLClassPath$JarLoader::getResource (353 bytes)
Event: 13.809 Thread 0x00007fb6e804a800 nmethod 5270 0x00000001079cbc50 code [0x00000001079cbfa0, 0x00000001079ccf78]

GC Heap History (10 events):
Event: 7.820 GC heap before
{Heap before GC invocations=10 (full 1):
 PSYoungGen      total 421888K, used 421854K [0x00000006eab00000, 0x000000070e500000, 0x00000007c0000000)
  eden space 407040K, 100% used [0x00000006eab00000,0x0000000703880000,0x0000000703880000)
  from space 14848K, 99% used [0x000000070d680000,0x000000070e4f7a38,0x000000070e500000)
  to   space 49664K, 0% used [0x0000000708400000,0x0000000708400000,0x000000070b480000)
 ParOldGen       total 187392K, used 62206K [0x0000000540000000, 0x000000054b700000, 0x00000006eab00000)
  object space 187392K, 33% used [0x0000000540000000,0x0000000543cbfbc8,0x000000054b700000)
 Metaspace       used 25402K, capacity 26024K, committed 26160K, reserved 1073152K
  class space    used 3098K, capacity 3283K, committed 3376K, reserved 1048576K
Event: 7.839 GC heap after
Heap after GC invocations=10 (full 1):
 PSYoungGen      total 534016K, used 18275K [0x00000006eab00000, 0x0000000711780000, 0x00000007c0000000)
  eden space 484352K, 0% used [0x00000006eab00000,0x00000006eab00000,0x0000000708400000)
  from space 49664K, 36% used [0x0000000708400000,0x00000007095d8f00,0x000000070b480000)
  to   space 48640K, 0% used [0x000000070e800000,0x000000070e800000,0x0000000711780000)
 ParOldGen       total 187392K, used 62214K [0x0000000540000000, 0x000000054b700000, 0x00000006eab00000)
  object space 187392K, 33% used [0x0000000540000000,0x0000000543cc1bc8,0x000000054b700000)
 Metaspace       used 25402K, capacity 26024K, committed 26160K, reserved 1073152K
  class space    used 3098K, capacity 3283K, committed 3376K, reserved 1048576K
}
Event: 9.540 GC heap before
{Heap before GC invocations=11 (full 1):
 PSYoungGen      total 534016K, used 502627K [0x00000006eab00000, 0x0000000711780000, 0x00000007c0000000)
  eden space 484352K, 100% used [0x00000006eab00000,0x0000000708400000,0x0000000708400000)
  from space 49664K, 36% used [0x0000000708400000,0x00000007095d8f00,0x000000070b480000)
  to   space 48640K, 0% used [0x000000070e800000,0x000000070e800000,0x0000000711780000)
 ParOldGen       total 187392K, used 62214K [0x0000000540000000, 0x000000054b700000, 0x00000006eab00000)
  object space 187392K, 33% used [0x0000000540000000,0x0000000543cc1bc8,0x000000054b700000)
 Metaspace       used 28980K, capacity 29570K, committed 29872K, reserved 1075200K
  class space    used 3527K, capacity 3674K, committed 3760K, reserved 1048576K
Event: 9.571 GC heap after
Heap after GC invocations=11 (full 1):
 PSYoungGen      total 587776K, used 28774K [0x00000006eab00000, 0x0000000717100000, 0x00000007c0000000)
  eden space 539136K, 0% used [0x00000006eab00000,0x00000006eab00000,0x000000070b980000)
  from space 48640K, 59% used [0x000000070e800000,0x0000000710419808,0x0000000711780000)
  to   space 47616K, 0% used [0x000000070b980000,0x000000070b980000,0x000000070e800000)
 ParOldGen       total 187392K, used 72200K [0x0000000540000000, 0x000000054b700000, 0x00000006eab00000)
  object space 187392K, 38% used [0x0000000540000000,0x00000005446823d8,0x000000054b700000)
 Metaspace       used 28980K, capacity 29570K, committed 29872K, reserved 1075200K
  class space    used 3527K, capacity 3674K, committed 3760K, reserved 1048576K
}
Event: 11.563 GC heap before
{Heap before GC invocations=12 (full 1):
 PSYoungGen      total 587776K, used 567910K [0x00000006eab00000, 0x0000000717100000, 0x00000007c0000000)
  eden space 539136K, 100% used [0x00000006eab00000,0x000000070b980000,0x000000070b980000)
  from space 48640K, 59% used [0x000000070e800000,0x0000000710419808,0x0000000711780000)
  to   space 47616K, 0% used [0x000000070b980000,0x000000070b980000,0x000000070e800000)
 ParOldGen       total 187392K, used 72200K [0x0000000540000000, 0x000000054b700000, 0x00000006eab00000)
  object space 187392K, 38% used [0x0000000540000000,0x00000005446823d8,0x000000054b700000)
 Metaspace       used 33566K, capacity 34094K, committed 34352K, reserved 1079296K
  class space    used 4403K, capacity 4542K, committed 4656K, reserved 1048576K
Event: 11.607 GC heap after
Heap after GC invocations=12 (full 1):
 PSYoungGen      total 586752K, used 29706K [0x00000006eab00000, 0x000000071b080000, 0x00000007c0000000)
  eden space 539136K, 0% used [0x00000006eab00000,0x00000006eab00000,0x000000070b980000)
  from space 47616K, 62% used [0x000000070b980000,0x000000070d682928,0x000000070e800000)
  to   space 47104K, 0% used [0x0000000718280000,0x0000000718280000,0x000000071b080000)
 ParOldGen       total 187392K, used 77368K [0x0000000540000000, 0x000000054b700000, 0x00000006eab00000)
  object space 187392K, 41% used [0x0000000540000000,0x0000000544b8e218,0x000000054b700000)
 Metaspace       used 33566K, capacity 34094K, committed 34352K, reserved 1079296K
  class space    used 4403K, capacity 4542K, committed 4656K, reserved 1048576K
}
Event: 12.094 GC heap before
{Heap before GC invocations=13 (full 1):
 PSYoungGen      total 586752K, used 147257K [0x00000006eab00000, 0x000000071b080000, 0x00000007c0000000)
  eden space 539136K, 21% used [0x00000006eab00000,0x00000006f1dcbe30,0x000000070b980000)
  from space 47616K, 62% used [0x000000070b980000,0x000000070d682928,0x000000070e800000)
  to   space 47104K, 0% used [0x0000000718280000,0x0000000718280000,0x000000071b080000)
 ParOldGen       total 187392K, used 77368K [0x0000000540000000, 0x000000054b700000, 0x00000006eab00000)
  object space 187392K, 41% used [0x0000000540000000,0x0000000544b8e218,0x000000054b700000)
 Metaspace       used 34654K, capacity 35278K, committed 35496K, reserved 1079296K
  class space    used 4617K, capacity 4766K, committed 4784K, reserved 1048576K
Event: 12.123 GC heap after
Heap after GC invocations=13 (full 1):
 PSYoungGen      total 744960K, used 12135K [0x00000006eab00000, 0x000000071c400000, 0x00000007c0000000)
  eden space 697856K, 0% used [0x00000006eab00000,0x00000006eab00000,0x0000000715480000)
  from space 47104K, 25% used [0x0000000718280000,0x0000000718e59c30,0x000000071b080000)
  to   space 47104K, 0% used [0x0000000715480000,0x0000000715480000,0x0000000718280000)
 ParOldGen       total 187392K, used 97214K [0x0000000540000000, 0x000000054b700000, 0x00000006eab00000)
  object space 187392K, 51% used [0x0000000540000000,0x0000000545eefb20,0x000000054b700000)
 Metaspace       used 34654K, capacity 35278K, committed 35496K, reserved 1079296K
  class space    used 4617K, capacity 4766K, committed 4784K, reserved 1048576K
}
Event: 12.124 GC heap before
{Heap before GC invocations=14 (full 2):
 PSYoungGen      total 744960K, used 12135K [0x00000006eab00000, 0x000000071c400000, 0x00000007c0000000)
  eden space 697856K, 0% used [0x00000006eab00000,0x00000006eab00000,0x0000000715480000)
  from space 47104K, 25% used [0x0000000718280000,0x0000000718e59c30,0x000000071b080000)
  to   space 47104K, 0% used [0x0000000715480000,0x0000000715480000,0x0000000718280000)
 ParOldGen       total 187392K, used 97214K [0x0000000540000000, 0x000000054b700000, 0x00000006eab00000)
  object space 187392K, 51% used [0x0000000540000000,0x0000000545eefb20,0x000000054b700000)
 Metaspace       used 34654K, capacity 35278K, committed 35496K, reserved 1079296K
  class space    used 4617K, capacity 4766K, committed 4784K, reserved 1048576K
Event: 12.361 GC heap after
Heap after GC invocations=14 (full 2):
 PSYoungGen      total 744960K, used 0K [0x00000006eab00000, 0x000000071c400000, 0x00000007c0000000)
  eden space 697856K, 0% used [0x00000006eab00000,0x00000006eab00000,0x0000000715480000)
  from space 47104K, 0% used [0x0000000718280000,0x0000000718280000,0x000000071b080000)
  to   space 47104K, 0% used [0x0000000715480000,0x0000000715480000,0x0000000718280000)
 ParOldGen       total 267264K, used 101968K [0x0000000540000000, 0x0000000550500000, 0x00000006eab00000)
  object space 267264K, 38% used [0x0000000540000000,0x00000005463943f8,0x0000000550500000)
 Metaspace       used 34654K, capacity 35278K, committed 35496K, reserved 1079296K
  class space    used 4617K, capacity 4766K, committed 4784K, reserved 1048576K
}

Deoptimization events (10 events):
Event: 12.691 Thread 0x00007fb6e8008800 Uncommon trap: reason=bimorphic action=maybe_recompile pc=0x0000000107438f70 method=java.util.HashMap.putVal(ILjava/lang/Object;Ljava/lang/Object;ZZ)Ljava/lang/Object; @ 203
Event: 12.927 Thread 0x00007fb6e8008800 Uncommon trap: reason=unstable_if action=reinterpret pc=0x000000010743222c method=java.util.Date.normalize()Lsun/util/calendar/BaseCalendar$Date; @ 45
Event: 13.096 Thread 0x00007fb6e8008800 Uncommon trap: reason=unstable_if action=reinterpret pc=0x0000000107c3c864 method=com.google.gson.stream.JsonReader.nextNonWhitespace(Z)I @ 100
Event: 13.114 Thread 0x00007fb6e8008800 Uncommon trap: reason=bimorphic action=maybe_recompile pc=0x0000000107a5a0d0 method=java.util.regex.Pattern$CharProperty.study(Ljava/util/regex/Pattern$TreeInfo;)Z @ 25
Event: 13.173 Thread 0x00007fb6e8008800 Uncommon trap: reason=unstable_if action=reinterpret pc=0x00000001077676c4 method=com.google.common.base.Splitter$SplittingIterator.computeNext()Ljava/lang/String; @ 193
Event: 13.173 Thread 0x00007fb6e8008800 Uncommon trap: reason=unstable_if action=reinterpret pc=0x000000010777331c method=com.google.common.base.Splitter$SplittingIterator.computeNext()Ljava/lang/String; @ 193
Event: 13.557 Thread 0x00007fb6ee0ef000 Uncommon trap: reason=null_check action=make_not_entrant pc=0x000000010760600c method=sun.nio.fs.UnixPath.encode(Lsun/nio/fs/UnixFileSystem;Ljava/lang/String;)[B @ 6
Event: 13.582 Thread 0x00007fb6ee0ef000 Uncommon trap: reason=unstable_if action=reinterpret pc=0x00000001075e9b1c method=sun.net.www.MessageHeader.grow()V @ 4
Event: 13.597 Thread 0x00007fb6e8008800 Uncommon trap: reason=unstable_if action=reinterpret pc=0x00000001079fb23c method=org.objectweb.asm.MethodWriter.visitMaxs(II)V @ 431
Event: 13.681 Thread 0x00007fb6e8008800 Uncommon trap: reason=unstable_if action=reinterpret pc=0x0000000107740cc8 method=com.google.common.base.Splitter$SplittingIterator.computeNext()Ljava/lang/String; @ 193

Classes redefined (0 events):
No events

Internal exceptions (10 events):
Event: 13.704 Thread 0x00007fb6e8008800 Exception <a 'java/lang/NullPointerException'> (0x0000000700564a60) thrown at [/Users/jenkins/workspace/build-scripts/jobs/jdk8u/jdk8u-mac-x64-hotspot/workspace/build/src/hotspot/src/share/vm/runtime/sharedRuntime.cpp, line 605]
Event: 13.704 Thread 0x00007fb6e8008800 Implicit null exception at 0x00000001073a4874 to 0x00000001073a5b06
Event: 13.704 Thread 0x00007fb6e8008800 Exception <a 'java/lang/NullPointerException'> (0x000000070056ae28) thrown at [/Users/jenkins/workspace/build-scripts/jobs/jdk8u/jdk8u-mac-x64-hotspot/workspace/build/src/hotspot/src/share/vm/runtime/sharedRuntime.cpp, line 605]
Event: 13.704 Thread 0x00007fb6e8008800 Implicit null exception at 0x00000001073a4874 to 0x00000001073a5b06
Event: 13.704 Thread 0x00007fb6e8008800 Exception <a 'java/lang/NullPointerException'> (0x00000007005721c8) thrown at [/Users/jenkins/workspace/build-scripts/jobs/jdk8u/jdk8u-mac-x64-hotspot/workspace/build/src/hotspot/src/share/vm/runtime/sharedRuntime.cpp, line 605]
Event: 13.704 Thread 0x00007fb6e8008800 Implicit null exception at 0x00000001073a4874 to 0x00000001073a5b06
Event: 13.704 Thread 0x00007fb6e8008800 Exception <a 'java/lang/NullPointerException'> (0x000000070057d1c0) thrown at [/Users/jenkins/workspace/build-scripts/jobs/jdk8u/jdk8u-mac-x64-hotspot/workspace/build/src/hotspot/src/share/vm/runtime/sharedRuntime.cpp, line 605]
Event: 13.704 Thread 0x00007fb6e8008800 Implicit null exception at 0x00000001073a4874 to 0x00000001073a5b06
Event: 13.704 Thread 0x00007fb6e8008800 Exception <a 'java/lang/NullPointerException'> (0x00000007005835a0) thrown at [/Users/jenkins/workspace/build-scripts/jobs/jdk8u/jdk8u-mac-x64-hotspot/workspace/build/src/hotspot/src/share/vm/runtime/sharedRuntime.cpp, line 605]
Event: 13.752 Thread 0x00007fb6ee0ef000 Exception <a 'java/security/PrivilegedActionException'> (0x00000006fe552728) thrown at [/Users/jenkins/workspace/build-scripts/jobs/jdk8u/jdk8u-mac-x64-hotspot/workspace/build/src/hotspot/src/share/vm/prims/jvm.cpp, line 1502]

Events (10 events):
Event: 13.805 loading class org/lwjgl/opengl/ContextImplementation
Event: 13.805 loading class org/lwjgl/opengl/ContextImplementation done
Event: 13.806 loading class org/lwjgl/opengl/MacOSXContextImplementation
Event: 13.806 loading class org/lwjgl/opengl/MacOSXContextImplementation done
Event: 13.806 loading class org/lwjgl/opengl/GLContext
Event: 13.806 loading class org/lwjgl/opengl/GLContext done
Event: 13.807 loading class org/lwjgl/opengl/GLContext$CapabilitiesCacheEntry
Event: 13.807 loading class org/lwjgl/opengl/GLContext$CapabilitiesCacheEntry done
Event: 13.845 loading class org/lwjgl/opengl/ContextCapabilities
Event: 13.845 loading class org/lwjgl/opengl/ContextCapabilities done


Dynamic libraries:
0x00007fff3507f000 	/System/Library/Frameworks/Cocoa.framework/Versions/A/Cocoa
0x00007fff223f4000 	/System/Library/Frameworks/Security.framework/Versions/A/Security
0x00007fff3328c000 	/System/Library/Frameworks/ApplicationServices.framework/Versions/A/ApplicationServices
0x00007fff2a671000 	/usr/lib/libz.1.dylib
0x00007fff2a739000 	/usr/lib/libSystem.B.dylib
0x00007fff20400000 	/usr/lib/libobjc.A.dylib
0x00007fff2138d000 	/System/Library/Frameworks/Foundation.framework/Versions/C/Foundation
0x00007fff205e0000 	/System/Library/Frameworks/CoreFoundation.framework/Versions/A/CoreFoundation
0x00007fff22e22000 	/System/Library/Frameworks/AppKit.framework/Versions/C/AppKit
0x00007fff25ce1000 	/System/Library/Frameworks/CoreData.framework/Versions/A/CoreData
0x00007fff23b6b000 	/System/Library/PrivateFrameworks/UIFoundation.framework/Versions/A/UIFoundation
0x00007fff2fd62000 	/System/Library/PrivateFrameworks/RemoteViewServices.framework/Versions/A/RemoteViewServices
0x00007fff28b7d000 	/System/Library/PrivateFrameworks/XCTTargetBootstrap.framework/Versions/A/XCTTargetBootstrap
0x00007fff2b862000 	/usr/lib/libspindump.dylib
0x00007fff23dba000 	/System/Library/Frameworks/UniformTypeIdentifiers.framework/Versions/A/UniformTypeIdentifiers
0x00007fff2737d000 	/usr/lib/libapp_launch_measurement.dylib
0x00007fff27380000 	/System/Library/PrivateFrameworks/CoreAutoLayout.framework/Versions/A/CoreAutoLayout
0x00007fff284e0000 	/System/Library/Frameworks/Metal.framework/Versions/A/Metal
0x00007fff291da000 	/usr/lib/liblangid.dylib
0x00007fff28b81000 	/System/Library/PrivateFrameworks/CoreSVG.framework/Versions/A/CoreSVG
0x00007fff24df9000 	/System/Library/PrivateFrameworks/SkyLight.framework/Versions/A/SkyLight
0x00007fff2515e000 	/System/Library/Frameworks/CoreGraphics.framework/Versions/A/CoreGraphics
0x00007fff30289000 	/System/Library/Frameworks/Accelerate.framework/Versions/A/Accelerate
0x00007fff2b2a0000 	/System/Library/PrivateFrameworks/IconServices.framework/Versions/A/IconServices
0x00007fff284c4000 	/System/Library/Frameworks/IOSurface.framework/Versions/A/IOSurface
0x00007fff26669000 	/usr/lib/libDiagnosticMessagesClient.dylib
0x00007fff28b69000 	/System/Library/PrivateFrameworks/DFRFoundation.framework/Versions/A/DFRFoundation
0x00007fff22749000 	/usr/lib/libicucore.A.dylib
0x00007fff2cda9000 	/System/Library/Frameworks/AudioToolbox.framework/Versions/A/AudioToolbox
0x00007fff2c033000 	/System/Library/PrivateFrameworks/DataDetectorsCore.framework/Versions/A/DataDetectorsCore
0x00007fff24d6d000 	/usr/lib/libMobileGestalt.dylib
0x00007fff2886d000 	/System/Library/Frameworks/Carbon.framework/Versions/A/Frameworks/HIToolbox.framework/Versions/A/HIToolbox
0x00007fff26dc3000 	/System/Library/Frameworks/QuartzCore.framework/Versions/A/QuartzCore
0x00007fff2fd9a000 	/System/Library/Frameworks/Carbon.framework/Versions/A/Frameworks/SpeechRecognition.framework/Versions/A/SpeechRecognition
0x00007fff270e2000 	/System/Library/PrivateFrameworks/CoreUI.framework/Versions/A/CoreUI
0x00007fff21d63000 	/System/Library/Frameworks/CoreAudio.framework/Versions/A/CoreAudio
0x00007fff26754000 	/System/Library/Frameworks/DiskArbitration.framework/Versions/A/DiskArbitration
0x00007fff2bc30000 	/System/Library/PrivateFrameworks/MultitouchSupport.framework/Versions/A/MultitouchSupport
0x00007fff2c02a000 	/System/Library/PrivateFrameworks/InternationalSupport.framework/Versions/A/InternationalSupport
0x00007fff24d6c000 	/usr/lib/libenergytrace.dylib
0x00007fff22d19000 	/System/Library/Frameworks/IOKit.framework/Versions/A/IOKit
0x00007fff300cd000 	/System/Library/Frameworks/CoreServices.framework/Versions/A/CoreServices
0x00007fff2730f000 	/System/Library/PrivateFrameworks/PerformanceAnalysis.framework/Versions/A/PerformanceAnalysis
0x00007fff6bb81000 	/System/Library/Frameworks/OpenGL.framework/Versions/A/OpenGL
0x00007fff2c0ae000 	/System/Library/PrivateFrameworks/UserActivity.framework/Versions/A/UserActivity
0x00007fff257e8000 	/System/Library/Frameworks/ColorSync.framework/Versions/A/ColorSync
0x00007fff28de8000 	/System/Library/Frameworks/CoreImage.framework/Versions/A/CoreImage
0x00007fff21b7d000 	/System/Library/Frameworks/CoreText.framework/Versions/A/CoreText
0x00007fff28bab000 	/System/Library/Frameworks/ImageIO.framework/Versions/A/ImageIO
0x00007fff2a73f000 	/System/Library/PrivateFrameworks/SoftLinking.framework/Versions/A/SoftLinking
0x00007fff273c8000 	/usr/lib/libxml2.2.dylib
0x00007fff204c6000 	/usr/lib/libc++.1.dylib
0x00007fff2a9b0000 	/usr/lib/libcompression.dylib
0x00007fff2bf5c000 	/System/Library/PrivateFrameworks/TextureIO.framework/Versions/A/TextureIO
0x00007fff2afdf000 	/usr/lib/libate.dylib
0x00007fff2a733000 	/usr/lib/system/libcache.dylib
0x00007fff2a6ef000 	/usr/lib/system/libcommonCrypto.dylib
0x00007fff2a719000 	/usr/lib/system/libcompiler_rt.dylib
0x00007fff2a70e000 	/usr/lib/system/libcopyfile.dylib
0x00007fff202f0000 	/usr/lib/system/libcorecrypto.dylib
0x00007fff203bb000 	/usr/lib/system/libdispatch.dylib
0x00007fff2056e000 	/usr/lib/system/libdyld.dylib
0x00007fff2a72a000 	/usr/lib/system/libkeymgr.dylib
0x00007fff2db40000 	/usr/lib/system/liblaunch.dylib
0x00007fff2a6cd000 	/usr/lib/system/libmacho.dylib
0x00007fff29ec5000 	/usr/lib/system/libquarantine.dylib
0x00007fff2a727000 	/usr/lib/system/libremovefile.dylib
0x00007fff24dca000 	/usr/lib/system/libsystem_asl.dylib
0x00007fff202a0000 	/usr/lib/system/libsystem_blocks.dylib
0x00007fff2043d000 	/usr/lib/system/libsystem_c.dylib
0x00007fff2a721000 	/usr/lib/system/libsystem_collections.dylib
0x00007fff291cb000 	/usr/lib/system/libsystem_configuration.dylib
0x00007fff284b3000 	/usr/lib/system/libsystem_containermanager.dylib
0x00007fff2a470000 	/usr/lib/system/libsystem_coreservices.dylib
0x00007fff229a9000 	/usr/lib/system/libsystem_darwin.dylib
0x00007fff2a72b000 	/usr/lib/system/libsystem_dnssd.dylib
0x00007fff2043a000 	/usr/lib/system/libsystem_featureflags.dylib
0x00007fff205b4000 	/usr/lib/system/libsystem_info.dylib
0x00007fff2a684000 	/usr/lib/system/libsystem_m.dylib
0x00007fff2038e000 	/usr/lib/system/libsystem_malloc.dylib
0x00007fff24d5d000 	/usr/lib/system/libsystem_networkextension.dylib
0x00007fff22dc8000 	/usr/lib/system/libsystem_notify.dylib
0x00007fff2ffcf000 	/usr/lib/system/libsystem_product_info_filter.dylib
0x00007fff291cf000 	/usr/lib/system/libsystem_sandbox.dylib
0x00007fff2a724000 	/usr/lib/system/libsystem_secinit.dylib
0x00007fff20532000 	/usr/lib/system/libsystem_kernel.dylib
0x00007fff205aa000 	/usr/lib/system/libsystem_platform.dylib
0x00007fff20562000 	/usr/lib/system/libsystem_pthread.dylib
0x00007fff264a5000 	/usr/lib/system/libsystem_symptoms.dylib
0x00007fff202d8000 	/usr/lib/system/libsystem_trace.dylib
0x00007fff2a6fb000 	/usr/lib/system/libunwind.dylib
0x00007fff202a2000 	/usr/lib/system/libxpc.dylib
0x00007fff2051c000 	/usr/lib/libc++abi.dylib
0x00007fff2a706000 	/usr/lib/liboah.dylib
0x00007fff2adc4000 	/usr/lib/liblzma.5.dylib
0x00007fff210a1000 	/System/Library/Frameworks/SystemConfiguration.framework/Versions/A/SystemConfiguration
0x00007fff2a73b000 	/usr/lib/libfakelink.dylib
0x00007fff248be000 	/System/Library/Frameworks/CFNetwork.framework/Versions/A/CFNetwork
0x00007fff2a87b000 	/usr/lib/libarchive.2.dylib
0x00007fff2111f000 	/usr/lib/libCRFSuite.dylib
0x00007fff29eec000 	/usr/lib/libbsm.0.dylib
0x00007fff24237000 	/usr/lib/libnetwork.dylib
0x00007fff2a740000 	/usr/lib/libpcap.A.dylib
0x00007fff2649e000 	/usr/lib/libdns_services.dylib
0x00007fff2addd000 	/usr/lib/libcoretls_cfhelpers.dylib
0x00007fff2a97a000 	/usr/lib/libapple_nghttp2.dylib
0x00007fff2a6d3000 	/usr/lib/system/libkxld.dylib
0x00007fff26117000 	/usr/lib/libsqlite3.dylib
0x00007fff2a453000 	/System/Library/PrivateFrameworks/AppleFSCompression.framework/Versions/A/AppleFSCompression
0x00007fff29ed4000 	/usr/lib/libcoretls.dylib
0x00007fff2a9ab000 	/usr/lib/libpam.2.dylib
0x00007fff2aedb000 	/usr/lib/libxar.1.dylib
0x00007fff291d6000 	/System/Library/PrivateFrameworks/AppleSystemInfo.framework/Versions/A/AppleSystemInfo
0x00007fff29b16000 	/System/Library/PrivateFrameworks/IOMobileFramebuffer.framework/Versions/A/IOMobileFramebuffer
0x00007fff2a463000 	/usr/lib/libbz2.1.0.dylib
0x00007fff2a778000 	/usr/lib/libiconv.2.dylib
0x00007fff2a6cc000 	/usr/lib/libcharset.1.dylib
0x00007fff2734b000 	/System/Library/Frameworks/CoreServices.framework/Versions/A/Frameworks/FSEvents.framework/Versions/A/FSEvents
0x00007fff229b3000 	/System/Library/Frameworks/CoreServices.framework/Versions/A/Frameworks/CarbonCore.framework/Versions/A/CarbonCore
0x00007fff266b9000 	/System/Library/Frameworks/CoreServices.framework/Versions/A/Frameworks/Metadata.framework/Versions/A/Metadata
0x00007fff2a475000 	/System/Library/Frameworks/CoreServices.framework/Versions/A/Frameworks/OSServices.framework/Versions/A/OSServices
0x00007fff2a8ed000 	/System/Library/Frameworks/CoreServices.framework/Versions/A/Frameworks/SearchKit.framework/Versions/A/SearchKit
0x00007fff26429000 	/System/Library/Frameworks/CoreServices.framework/Versions/A/Frameworks/AE.framework/Versions/A/AE
0x00007fff20a7e000 	/System/Library/Frameworks/CoreServices.framework/Versions/A/Frameworks/LaunchServices.framework/Versions/A/LaunchServices
0x00007fff2ad74000 	/System/Library/Frameworks/CoreServices.framework/Versions/A/Frameworks/DictionaryServices.framework/Versions/A/DictionaryServices
0x00007fff27358000 	/System/Library/Frameworks/CoreServices.framework/Versions/A/Frameworks/SharedFileList.framework/Versions/A/SharedFileList
0x00007fff29ec8000 	/usr/lib/libCheckFix.dylib
0x00007fff24de1000 	/System/Library/PrivateFrameworks/TCC.framework/Versions/A/TCC
0x00007fff291dc000 	/System/Library/PrivateFrameworks/CoreNLP.framework/Versions/A/CoreNLP
0x00007fff2666c000 	/System/Library/PrivateFrameworks/MetadataUtilities.framework/Versions/A/MetadataUtilities
0x00007fff21154000 	/usr/lib/libmecabra.dylib
0x00007fff2a1d2000 	/System/Library/Frameworks/MLCompute.framework/Versions/A/MLCompute
0x00007fff29efd000 	/usr/lib/libmecab.dylib
0x00007fff29f47000 	/usr/lib/libgermantok.dylib
0x00007fff2a955000 	/usr/lib/libThaiTokenizer.dylib
0x00007fff2af16000 	/usr/lib/libChineseTokenizer.dylib
0x00007fff2a9a9000 	/System/Library/Frameworks/MetalPerformanceShaders.framework/Versions/A/MetalPerformanceShaders
0x00007fff2675b000 	/System/Library/Frameworks/Accelerate.framework/Versions/A/Frameworks/vImage.framework/Versions/A/vImage
0x00007fff300a7000 	/System/Library/Frameworks/Accelerate.framework/Versions/A/Frameworks/vecLib.framework/Versions/A/vecLib
0x00007fff2af21000 	/System/Library/Frameworks/Accelerate.framework/Versions/A/Frameworks/vecLib.framework/Versions/A/libvMisc.dylib
0x00007fff29931000 	/System/Library/Frameworks/Accelerate.framework/Versions/A/Frameworks/vecLib.framework/Versions/A/libvDSP.dylib
0x00007fff20d87000 	/System/Library/Frameworks/Accelerate.framework/Versions/A/Frameworks/vecLib.framework/Versions/A/libBLAS.dylib
0x00007fff2a9d6000 	/System/Library/Frameworks/Accelerate.framework/Versions/A/Frameworks/vecLib.framework/Versions/A/libLAPACK.dylib
0x00007fff29f4d000 	/System/Library/Frameworks/Accelerate.framework/Versions/A/Frameworks/vecLib.framework/Versions/A/libLinearAlgebra.dylib
0x00007fff2a992000 	/System/Library/Frameworks/Accelerate.framework/Versions/A/Frameworks/vecLib.framework/Versions/A/libSparseBLAS.dylib
0x00007fff2a9d0000 	/System/Library/Frameworks/Accelerate.framework/Versions/A/Frameworks/vecLib.framework/Versions/A/libQuadrature.dylib
0x00007fff29288000 	/System/Library/Frameworks/Accelerate.framework/Versions/A/Frameworks/vecLib.framework/Versions/A/libBNNS.dylib
0x00007fff21032000 	/System/Library/Frameworks/Accelerate.framework/Versions/A/Frameworks/vecLib.framework/Versions/A/libSparse.dylib
0x00007fff29164000 	/System/Library/Frameworks/MetalPerformanceShaders.framework/Versions/A/Frameworks/MPSCore.framework/Versions/A/MPSCore
0x00007fff2a3c2000 	/System/Library/Frameworks/MetalPerformanceShaders.framework/Versions/A/Frameworks/MPSImage.framework/Versions/A/MPSImage
0x00007fff29f63000 	/System/Library/Frameworks/MetalPerformanceShaders.framework/Versions/A/Frameworks/MPSNeuralNetwork.framework/Versions/A/MPSNeuralNetwork
0x00007fff2a334000 	/System/Library/Frameworks/MetalPerformanceShaders.framework/Versions/A/Frameworks/MPSMatrix.framework/Versions/A/MPSMatrix
0x00007fff2a182000 	/System/Library/Frameworks/MetalPerformanceShaders.framework/Versions/A/Frameworks/MPSRayIntersector.framework/Versions/A/MPSRayIntersector
0x00007fff2a36b000 	/System/Library/Frameworks/MetalPerformanceShaders.framework/Versions/A/Frameworks/MPSNDArray.framework/Versions/A/MPSNDArray
0x00007fff20cb3000 	/System/Library/PrivateFrameworks/MetalTools.framework/Versions/A/MetalTools
0x00007fff291d4000 	/System/Library/PrivateFrameworks/AggregateDictionary.framework/Versions/A/AggregateDictionary
0x00007fff26639000 	/System/Library/PrivateFrameworks/CoreAnalytics.framework/Versions/A/CoreAnalytics
0x00007fff2a957000 	/System/Library/PrivateFrameworks/AppleSauce.framework/Versions/A/AppleSauce
0x00007fff284d6000 	/System/Library/PrivateFrameworks/IOAccelerator.framework/Versions/A/IOAccelerator
0x00007fff6bb75000 	/System/Library/Frameworks/OpenGL.framework/Versions/A/Libraries/libCoreFSCache.dylib
0x00007fff216ec000 	/System/Library/PrivateFrameworks/LanguageModeling.framework/Versions/A/LanguageModeling
0x00007fff29b04000 	/System/Library/PrivateFrameworks/CoreEmoji.framework/Versions/A/CoreEmoji
0x00007fff29281000 	/System/Library/PrivateFrameworks/LinguisticData.framework/Versions/A/LinguisticData
0x00007fff20fe4000 	/System/Library/PrivateFrameworks/Lexicon.framework/Versions/A/Lexicon
0x00007fff2a869000 	/usr/lib/libcmph.dylib
0x00007fff2732b000 	/System/Library/Frameworks/OpenDirectory.framework/Versions/A/Frameworks/CFOpenDirectory.framework/Versions/A/CFOpenDirectory
0x00007fff2731b000 	/System/Library/Frameworks/OpenDirectory.framework/Versions/A/OpenDirectory
0x00007fff2addf000 	/System/Library/PrivateFrameworks/APFS.framework/Versions/A/APFS
0x00007fff29e2a000 	/System/Library/Frameworks/SecurityFoundation.framework/Versions/A/SecurityFoundation
0x00007fff2aee9000 	/usr/lib/libutil.dylib
0x00007fff22cde000 	/System/Library/PrivateFrameworks/CoreServicesStore.framework/Versions/A/CoreServicesStore
0x00007fff29ec0000 	/System/Library/Frameworks/ServiceManagement.framework/Versions/A/ServiceManagement
0x00007fff2aeed000 	/usr/lib/libxslt.1.dylib
0x00007fff29eb6000 	/System/Library/PrivateFrameworks/BackgroundTaskManagement.framework/Versions/A/BackgroundTaskManagement
0x00007fff2bea6000 	/System/Library/Frameworks/ImageIO.framework/Versions/A/Resources/libRadiance.dylib
0x00007fff2beb0000 	/System/Library/Frameworks/ImageIO.framework/Versions/A/Resources/libJPEG.dylib
0x00007fff2bdfa000 	/System/Library/Frameworks/ImageIO.framework/Versions/A/Resources/libPng.dylib
0x00007fff2be21000 	/System/Library/Frameworks/ImageIO.framework/Versions/A/Resources/libTIFF.dylib
0x00007fff2bf05000 	/System/Library/Frameworks/ImageIO.framework/Versions/A/Resources/libGIF.dylib
0x00007fff2bb4c000 	/System/Library/Frameworks/ImageIO.framework/Versions/A/Resources/libJP2.dylib
0x00007fff2b268000 	/usr/lib/libexpat.1.dylib
0x00007fff2bb02000 	/System/Library/PrivateFrameworks/AppleJPEG.framework/Versions/A/AppleJPEG
0x00007fff2870c000 	/System/Library/PrivateFrameworks/FontServices.framework/libFontParser.dylib
0x00007fff263e0000 	/System/Library/PrivateFrameworks/RunningBoardServices.framework/Versions/A/RunningBoardServices
0x00007fff2bc2c000 	/System/Library/PrivateFrameworks/WatchdogClient.framework/Versions/A/WatchdogClient
0x00007fff217d5000 	/System/Library/Frameworks/CoreDisplay.framework/Versions/A/CoreDisplay
0x00007fff28621000 	/System/Library/Frameworks/CoreMedia.framework/Versions/A/CoreMedia
0x00007fff274ab000 	/System/Library/Frameworks/CoreVideo.framework/Versions/A/CoreVideo
0x00007fff2bc67000 	/System/Library/Frameworks/VideoToolbox.framework/Versions/A/VideoToolbox
0x00007fff26360000 	/System/Library/PrivateFrameworks/BaseBoard.framework/Versions/A/BaseBoard
0x00007fff2b3ac000 	/System/Library/PrivateFrameworks/PersistentConnection.framework/Versions/A/PersistentConnection
0x00007fff26101000 	/System/Library/PrivateFrameworks/ProtocolBuffer.framework/Versions/A/ProtocolBuffer
0x00007fff26348000 	/System/Library/PrivateFrameworks/CommonUtilities.framework/Versions/A/CommonUtilities
0x00007fff2bac5000 	/System/Library/PrivateFrameworks/Bom.framework/Versions/A/Bom
0x00007fff2be9e000 	/System/Library/PrivateFrameworks/GPUWrangler.framework/Versions/A/GPUWrangler
0x00007fff2be81000 	/System/Library/PrivateFrameworks/IOPresentment.framework/Versions/A/IOPresentment
0x00007fff2beaa000 	/System/Library/PrivateFrameworks/DSExternalDisplay.framework/Versions/A/DSExternalDisplay
0x00007fff2bf0a000 	/System/Library/PrivateFrameworks/CMCaptureCore.framework/Versions/A/CMCaptureCore
0x00007fff2b848000 	/System/Library/PrivateFrameworks/AppServerSupport.framework/Versions/A/AppServerSupport
0x00007fff2d8e3000 	/System/Library/PrivateFrameworks/perfdata.framework/Versions/A/perfdata
0x00007fff29e19000 	/System/Library/PrivateFrameworks/AssertionServices.framework/Versions/A/AssertionServices
0x00007fff2190c000 	/System/Library/PrivateFrameworks/AudioToolboxCore.framework/Versions/A/AudioToolboxCore
0x00007fff28604000 	/System/Library/PrivateFrameworks/caulk.framework/Versions/A/caulk
0x00007fff3cd1b000 	/System/Library/PrivateFrameworks/SystemPolicy.framework/Versions/A/SystemPolicy
0x00007fff2b077000 	/usr/lib/libIOReport.dylib
0x00007fff2d11f000 	/usr/lib/libSMC.dylib
0x00007fff2bdc6000 	/usr/lib/libAudioToolboxUtility.dylib
0x00007fff3d675000 	/usr/lib/libmis.dylib
0x00007fff6bbd1000 	/System/Library/Frameworks/OpenGL.framework/Versions/A/Libraries/libGLU.dylib
0x00007fff6bb94000 	/System/Library/Frameworks/OpenGL.framework/Versions/A/Libraries/libGFXShared.dylib
0x00007fff6bda2000 	/System/Library/Frameworks/OpenGL.framework/Versions/A/Libraries/libGL.dylib
0x00007fff6bb9d000 	/System/Library/Frameworks/OpenGL.framework/Versions/A/Libraries/libGLImage.dylib
0x00007fff6bb91000 	/System/Library/Frameworks/OpenGL.framework/Versions/A/Libraries/libCVMSPluginSupport.dylib
0x00007fff6bb7c000 	/System/Library/Frameworks/OpenGL.framework/Versions/A/Libraries/libCoreVMClient.dylib
0x00007fff6d1ec000 	/System/Library/Frameworks/OpenCL.framework/Versions/A/OpenCL
0x00007fff2b3d5000 	/System/Library/PrivateFrameworks/GraphVisualizer.framework/Versions/A/GraphVisualizer
0x00007fff2b3e4000 	/System/Library/PrivateFrameworks/FaceCore.framework/Versions/A/FaceCore
0x00007fff2b800000 	/System/Library/PrivateFrameworks/OTSVG.framework/Versions/A/OTSVG
0x00007fff270a0000 	/System/Library/Frameworks/ApplicationServices.framework/Versions/A/Frameworks/ATS.framework/Versions/A/Resources/libFontRegistry.dylib
0x00007fff2b84f000 	/System/Library/PrivateFrameworks/FontServices.framework/libhvf.dylib
0x00007fff2b214000 	/System/Library/PrivateFrameworks/AppleVA.framework/Versions/A/AppleVA
0x00007fff2cf67000 	/System/Library/Frameworks/ApplicationServices.framework/Versions/A/Frameworks/ATS.framework/Versions/A/ATS
0x00007fff2d27a000 	/System/Library/Frameworks/ApplicationServices.framework/Versions/A/Frameworks/ColorSyncLegacy.framework/Versions/A/ColorSyncLegacy
0x00007fff258df000 	/System/Library/Frameworks/ApplicationServices.framework/Versions/A/Frameworks/HIServices.framework/Versions/A/HIServices
0x00007fff2d25f000 	/System/Library/Frameworks/ApplicationServices.framework/Versions/A/Frameworks/LangAnalysis.framework/Versions/A/LangAnalysis
0x00007fff2bf14000 	/System/Library/Frameworks/ApplicationServices.framework/Versions/A/Frameworks/PrintCore.framework/Versions/A/PrintCore
0x00007fff2d282000 	/System/Library/Frameworks/ApplicationServices.framework/Versions/A/Frameworks/QD.framework/Versions/A/QD
0x00007fff2cf57000 	/System/Library/Frameworks/ApplicationServices.framework/Versions/A/Frameworks/SpeechSynthesis.framework/Versions/A/SpeechSynthesis
0x00007fff2bed5000 	/System/Library/Frameworks/ApplicationServices.framework/Versions/A/Frameworks/ATSUI.framework/Versions/A/ATSUI
0x00007fff2d1ff000 	/usr/lib/libcups.2.dylib
0x00007fff2d26f000 	/System/Library/PrivateFrameworks/NetAuth.framework/Versions/A/NetAuth
0x00007fff2d8fe000 	/System/Library/Frameworks/Kerberos.framework/Versions/A/Kerberos
0x00007fff2d90e000 	/System/Library/Frameworks/GSS.framework/Versions/A/GSS
0x00007fff2cfd4000 	/usr/lib/libresolv.9.dylib
0x00007fff2b865000 	/System/Library/PrivateFrameworks/Heimdal.framework/Versions/A/Heimdal
0x00007fff335a1000 	/System/Library/Frameworks/Kerberos.framework/Versions/A/Libraries/libHeimdalProxy.dylib
0x00007fff264ad000 	/System/Library/Frameworks/Network.framework/Versions/A/Network
0x00007fff2b281000 	/usr/lib/libheimdal-asn1.dylib
0x00007fff2d95f000 	/System/Library/PrivateFrameworks/CommonAuth.framework/Versions/A/CommonAuth
0x00007fff274f9000 	/System/Library/PrivateFrameworks/login.framework/Versions/A/Frameworks/loginsupport.framework/Versions/A/loginsupport
0x00007fff2cede000 	/System/Library/PrivateFrameworks/AudioSession.framework/Versions/A/AudioSession
0x00007fff2cf44000 	/usr/lib/libAudioStatistics.dylib
0x00007fff2b30d000 	/System/Library/PrivateFrameworks/MediaExperience.framework/Versions/A/MediaExperience
0x00007fff2cd77000 	/System/Library/PrivateFrameworks/AudioSession.framework/libSessionUtility.dylib
0x00007fff2d8ef000 	/usr/lib/libperfcheck.dylib
0x00007fff2d28e000 	/System/Library/PrivateFrameworks/AudioResourceArbitration.framework/Versions/A/AudioResourceArbitration
0x00007fff2b28b000 	/System/Library/PrivateFrameworks/IconFoundation.framework/Versions/A/IconFoundation
0x00007fff2fd8a000 	/System/Library/PrivateFrameworks/SpeechRecognitionCore.framework/Versions/A/SpeechRecognitionCore
0x0000000105800000 	/Users/tristanpoland/Library/Application Support/gdlauncher_next/java/8u242-b08/lib/server/libjvm.dylib
0x00007fff78104000 	/usr/lib/libstdc++.6.dylib
0x0000000101045000 	/Users/tristanpoland/Library/Application Support/gdlauncher_next/java/8u242-b08/lib/libverify.dylib
0x0000000101052000 	/Users/tristanpoland/Library/Application Support/gdlauncher_next/java/8u242-b08/lib/libjava.dylib
0x00000001010d2000 	/Users/tristanpoland/Library/Application Support/gdlauncher_next/java/8u242-b08/lib/libzip.dylib
0x0000000101780000 	/Users/tristanpoland/Library/Application Support/gdlauncher_next/java/8u242-b08/lib/libnio.dylib
0x0000000101790000 	/Users/tristanpoland/Library/Application Support/gdlauncher_next/java/8u242-b08/lib/libnet.dylib
0x000000012f469000 	/Users/tristanpoland/Library/Application Support/gdlauncher_next/java/8u242-b08/lib/libmanagement.dylib
0x000000012fea0000 	/Users/tristanpoland/Library/Application Support/gdlauncher_next/java/8u242-b08/lib/libunpack.dylib
0x00000001306b9000 	/Users/tristanpoland/Library/Application Support/gdlauncher_next/java/8u242-b08/lib/libawt.dylib
0x0000000130762000 	/Users/tristanpoland/Library/Application Support/gdlauncher_next/java/8u242-b08/lib/libmlib_image.dylib
0x00007fff6eb21000 	/System/Library/Frameworks/JavaNativeFoundation.framework/Versions/A/JavaNativeFoundation
0x00007fff6eb2d000 	/System/Library/Frameworks/JavaRuntimeSupport.framework/Versions/A/JavaRuntimeSupport
0x00007fff3ca65000 	/System/Library/Frameworks/Carbon.framework/Versions/A/Carbon
0x00007fff31bfb000 	/System/Library/PrivateFrameworks/CoreSymbolication.framework/Versions/A/CoreSymbolication
0x00007fff3651c000 	/System/Library/Frameworks/Carbon.framework/Versions/A/Frameworks/CommonPanels.framework/Versions/A/CommonPanels
0x00007fff33036000 	/System/Library/Frameworks/Carbon.framework/Versions/A/Frameworks/Help.framework/Versions/A/Help
0x00007fff36520000 	/System/Library/Frameworks/Carbon.framework/Versions/A/Frameworks/ImageCapture.framework/Versions/A/ImageCapture
0x00007fff364f0000 	/System/Library/Frameworks/Carbon.framework/Versions/A/Frameworks/OpenScripting.framework/Versions/A/OpenScripting
0x00007fff36518000 	/System/Library/Frameworks/Carbon.framework/Versions/A/Frameworks/Ink.framework/Versions/A/Ink
0x00007fff3ca61000 	/System/Library/Frameworks/Carbon.framework/Versions/A/Frameworks/Print.framework/Versions/A/Print
0x00007fff36514000 	/System/Library/Frameworks/Carbon.framework/Versions/A/Frameworks/SecurityHI.framework/Versions/A/SecurityHI
0x00007fff31bbf000 	/System/Library/PrivateFrameworks/DebugSymbols.framework/Versions/A/DebugSymbols
0x000000013082e000 	/Users/tristanpoland/Library/Application Support/gdlauncher_next/java/8u242-b08/lib/libawt_lwawt.dylib
0x00000001308e8000 	/Users/tristanpoland/Library/Application Support/gdlauncher_next/java/8u242-b08/lib/libosxapp.dylib
0x00007fff3c080000 	/System/Library/Frameworks/ExceptionHandling.framework/Versions/A/ExceptionHandling
0x00007fff22c9f000 	/System/Library/PrivateFrameworks/CoreServicesInternal.framework/Versions/A/CoreServicesInternal
0x00007fff31111000 	/System/Library/Frameworks/FileProvider.framework/Versions/A/FileProvider
0x00007fff262cb000 	/System/Library/Frameworks/Accounts.framework/Versions/A/Accounts
0x00007fff31261000 	/System/Library/PrivateFrameworks/GenerationalStorage.framework/Versions/A/GenerationalStorage
0x00007fff30b31000 	/System/Library/PrivateFrameworks/SymptomDiagnosticReporter.framework/Versions/A/SymptomDiagnosticReporter
0x00007fff23dcd000 	/System/Library/PrivateFrameworks/DesktopServicesPriv.framework/Versions/A/DesktopServicesPriv
0x00007fff22dd4000 	/usr/lib/libsandbox.1.dylib
0x00007fff27524000 	/System/Library/PrivateFrameworks/UserManagement.framework/Versions/A/UserManagement
0x00007fff29df6000 	/System/Library/PrivateFrameworks/MobileKeyBag.framework/Versions/A/MobileKeyBag
0x00007fff34623000 	/System/Library/PrivateFrameworks/ChunkingLibrary.framework/Versions/A/ChunkingLibrary
0x00007fff2e322000 	/System/Library/PrivateFrameworks/Sharing.framework/Versions/A/Sharing
0x00007fff32ba3000 	/System/Library/PrivateFrameworks/Apple80211.framework/Versions/A/Apple80211
0x00007fff2a4a3000 	/System/Library/PrivateFrameworks/AuthKit.framework/Versions/A/AuthKit
0x00007fff29bf4000 	/System/Library/PrivateFrameworks/CoreUtils.framework/Versions/A/CoreUtils
0x00007fff29b21000 	/System/Library/Frameworks/CoreWLAN.framework/Versions/A/CoreWLAN
0x00007fff2e46e000 	/System/Library/Frameworks/IOBluetooth.framework/Versions/A/IOBluetooth
0x00007fff32c07000 	/System/Library/PrivateFrameworks/CoreWiFi.framework/Versions/A/CoreWiFi
0x00007fff2d9e5000 	/System/Library/PrivateFrameworks/CorePhoneNumbers.framework/Versions/A/CorePhoneNumbers
0x00007fff30c38000 	/System/Library/PrivateFrameworks/DiskManagement.framework/Versions/A/DiskManagement
0x00007fff30b4e000 	/System/Library/PrivateFrameworks/AppleIDAuthSupport.framework/Versions/A/AppleIDAuthSupport
0x00007fff2d9c5000 	/System/Library/PrivateFrameworks/KeychainCircle.framework/Versions/A/KeychainCircle
0x00007fff30c04000 	/System/Library/PrivateFrameworks/MediaKit.framework/Versions/A/MediaKit
0x00007fff30b5b000 	/System/Library/Frameworks/DiscRecording.framework/Versions/A/DiscRecording
0x00007fff2b188000 	/usr/lib/libCoreStorage.dylib
0x00007fff33042000 	/usr/lib/libcsfde.dylib
0x00007fff2e5a9000 	/System/Library/PrivateFrameworks/ProtectedCloudStorage.framework/Versions/A/ProtectedCloudStorage
0x00007fff3303a000 	/System/Library/PrivateFrameworks/EFILogin.framework/Versions/A/EFILogin
0x00007fff33654000 	/System/Library/Frameworks/AudioUnit.framework/Versions/A/AudioUnit
0x00007fff30acb000 	/System/Library/Frameworks/CoreBluetooth.framework/Versions/A/CoreBluetooth
0x00007fff2b180000 	/usr/lib/libMatch.1.dylib
0x00007fff438e0000 	/System/Library/CoreServices/RawCamera.bundle/Contents/MacOS/RawCamera
0x00007fff2d970000 	/System/Library/PrivateFrameworks/MobileAsset.framework/Versions/A/MobileAsset
0x00007fff33678000 	/System/Library/PrivateFrameworks/StreamingZip.framework/Versions/A/StreamingZip
0x00007fff2c10c000 	/System/Library/Frameworks/MediaToolbox.framework/Versions/A/MediaToolbox
0x00007fff310e3000 	/System/Library/PrivateFrameworks/CoreAVCHD.framework/Versions/A/CoreAVCHD
0x00007fff302ca000 	/System/Library/Frameworks/MediaAccessibility.framework/Versions/A/MediaAccessibility
0x00007fff310df000 	/System/Library/PrivateFrameworks/Mangrove.framework/Versions/A/Mangrove
0x00007fff302d6000 	/System/Library/PrivateFrameworks/AlgosScoreFramework.framework/Versions/A/AlgosScoreFramework
0x00007fff31acd000 	/System/Library/PrivateFrameworks/AppleVPA.framework/Versions/A/AppleVPA
0x00007fff30d24000 	/System/Library/PrivateFrameworks/CoreAUC.framework/Versions/A/CoreAUC
0x00007fff41337000 	/System/Library/Frameworks/Accelerate.framework/Versions/A/Frameworks/vImage.framework/Versions/A/Libraries/libCGInterfaces.dylib
0x0000000132cac000 	/usr/lib/libobjc-trampolines.dylib
0x00007fff354bd000 	/System/Library/PrivateFrameworks/FamilyControls.framework/Versions/A/FamilyControls
0x00007fff354e1000 	/System/Library/PrivateFrameworks/CommerceKit.framework/Versions/A/Frameworks/CommerceCore.framework/Versions/A/CommerceCore
0x00007fff30307000 	/System/Library/PrivateFrameworks/SystemAdministration.framework/Versions/A/SystemAdministration
0x00007fff2e590000 	/System/Library/PrivateFrameworks/AppContainer.framework/Versions/A/AppContainer
0x00007fff2e5a5000 	/System/Library/PrivateFrameworks/SecCodeWrapper.framework/Versions/A/SecCodeWrapper
0x00007fff2b07f000 	/System/Library/PrivateFrameworks/CrashReporterSupport.framework/Versions/A/CrashReporterSupport
0x00007fff47a5a000 	/System/Library/PrivateFrameworks/OSAnalytics.framework/Versions/A/OSAnalytics
0x00007fff779ea000 	/usr/lib/libRosetta.dylib
0x00007fff32fc9000 	/System/Library/PrivateFrameworks/RemoteServiceDiscovery.framework/Versions/A/RemoteServiceDiscovery
0x00007fff516fa000 	/System/Library/PrivateFrameworks/Symbolication.framework/Versions/A/Symbolication
0x00007fff3d655000 	/System/Library/PrivateFrameworks/MallocStackLogging.framework/Versions/A/MallocStackLogging
0x00007fff2b926000 	/System/Library/PrivateFrameworks/login.framework/Versions/A/login
0x00007fff2fd56000 	/System/Library/Frameworks/DirectoryService.framework/Versions/A/DirectoryService
0x00007fff32ee2000 	/System/Library/PrivateFrameworks/DiskImages.framework/Versions/A/DiskImages
0x00007fff330b5000 	/System/Library/PrivateFrameworks/LoginUIKit.framework/Versions/A/Frameworks/LoginUICore.framework/Versions/A/LoginUICore
0x00007fff2bac1000 	/usr/lib/libodfde.dylib
0x00007fff3304e000 	/usr/lib/libcurl.4.dylib
0x00007fff32dae000 	/usr/lib/libcrypto.44.dylib
0x00007fff32eb4000 	/usr/lib/libssl.46.dylib
0x00007fff32d74000 	/System/Library/Frameworks/LDAP.framework/Versions/A/LDAP
0x00007fff32dac000 	/System/Library/PrivateFrameworks/TrustEvaluationAgent.framework/Versions/A/TrustEvaluationAgent
0x00007fff2cfed000 	/usr/lib/libsasl2.2.dylib
0x00007fff302fb000 	/System/Library/PrivateFrameworks/CoreDaemon.framework/Versions/B/CoreDaemon
0x00007fff302f6000 	/System/Library/PrivateFrameworks/AppleSRP.framework/Versions/A/AppleSRP
0x00007fff27223000 	/System/Library/PrivateFrameworks/ViewBridge.framework/Versions/A/ViewBridge
0x000000013358d000 	/Users/tristanpoland/Library/Application Support/gdlauncher_next/java/8u242-b08/lib/libfontmanager.dylib
0x00000001335f7000 	/Users/tristanpoland/Library/Application Support/gdlauncher_next/java/8u242-b08/lib/libfreetype.6.dylib
0x0000000134235000 	/Users/tristanpoland/Library/Application Support/gdlauncher_next/instances/Aussie Modpack/natives/liblwjgl.dylib
0x00000001342a7000 	/Users/tristanpoland/Library/Application Support/gdlauncher_next/java/8u242-b08/lib/libjawt.dylib
0x00007fff6bdad000 	/System/Library/Frameworks/OpenGL.framework/Versions/A/Resources/GLEngine.bundle/GLEngine
0x00007fff6bc0e000 	/System/Library/Frameworks/OpenGL.framework/Versions/A/Libraries/libGLProgrammability.dylib
0x00007fff65ce6000 	/System/Library/Extensions/AppleIntelHD5000GraphicsGLDriver.bundle/Contents/MacOS/AppleIntelHD5000GraphicsGLDriver
0x00007fff46424000 	/System/Library/PrivateFrameworks/GPUSupport.framework/Versions/A/Libraries/libGPUSupportMercury.dylib
0x00007fff613cc000 	/System/Library/Extensions/GeForceGLDriver.bundle/Contents/MacOS/GeForceGLDriver
0x00007fff60d04000 	/System/Library/Extensions/GeForceGLDriver.bundle/Contents/MacOS/libclh.dylib
0x00007fff6bf2b000 	/System/Library/Frameworks/OpenGL.framework/Versions/A/Resources/GLRendererFloat.bundle/GLRendererFloat

VM Arguments:
jvm_args: -Xmx10240m -Xms10240m -Dfml.ignorePatchDiscrepancies=true -Dfml.ignoreInvalidMinecraftCertificates=true -Xms256m -Djava.library.path=/Users/tristanpoland/Library/Application Support/gdlauncher_next/instances/Aussie Modpack/natives -Dminecraft.applet.TargetDirectory=/Users/tristanpoland/Library/Application Support/gdlauncher_next/instances/Aussie Modpack 
java_command: net.minecraft.launchwrapper.Launch --username TristanPoland --version 1.12.2 --gameDir /Users/tristanpoland/Library/Application Support/gdlauncher_next/instances/Aussie Modpack --assetsDir /Users/tristanpoland/Library/Application Support/gdlauncher_next/datastore/assets --assetIndex 1.12 --uuid a4686b5b2f264015887dc42382f3f73d --accessToken eyJhbGciOiJIUzI1NiJ9.eyJhZ2ciOiJBZHVsdCIsInN1YiI6IjE0YjgyMThhYzI3MTRiMmZiMTRlOWNjYTc1MDRiYTZiIiwieWdndCI6Ijk3MzU1NjBjMjM5MDQ2MDQ5YjJlY2YwOTkxMjljYmQ0Iiwic3ByIjoiYTQ2ODZiNWIyZjI2NDAxNTg4N2RjNDIzODJmM2Y3M2QiLCJpc3MiOiJZZ2dkcmFzaWwtQXV0aCIsImV4cCI6MTYzNjc1NDgyMCwiaWF0IjoxNjM2NTgyMDIwfQ.NnaiDH7UBLCAc1OJs0gxGZHMeeD8X9Zprd7pFsgXYtU --userType mojang --tweakClass net.minecraftforge.fml.common.launcher.FMLTweaker --versionType Forge --width 854 --height 480
java_class_path (initial): /Users/tristanpoland/Library/Application Support/gdlauncher_next/datastore/libraries/net/minecraftforge/forge/1.12.2-14.23.5.2855/forge-1.12.2-14.23.5.2855.jar:/Users/tristanpoland/Library/Application Support/gdlauncher_next/datastore/libraries/org/ow2/asm/asm-debug-all/5.2/asm-debug-all-5.2.jar:/Users/tristanpoland/Library/Application Support/gdlauncher_next/datastore/libraries/net/minecraft/launchwrapper/1.12/launchwrapper-1.12.jar:/Users/tristanpoland/Library/Application Support/gdlauncher_next/datastore/libraries/org/jline/jline/3.5.1/jline-3.5.1.jar:/Users/tristanpoland/Library/Application Support/gdlauncher_next/datastore/libraries/com/typesafe/akka/akka-actor_2.11/2.3.3/akka-actor_2.11-2.3.3.jar:/Users/tristanpoland/Library/Application Support/gdlauncher_next/datastore/libraries/com/typesafe/config/1.2.1/config-1.2.1.jar:/Users/tristanpoland/Library/Application Support/gdlauncher_next/datastore/libraries/org/scala-lang/scala-actors-migration_2.11/1.1.0/scala-actors-migration_2.11-1.1.0.jar:/Users/tristanpoland/Library/Application Support/gdlauncher_next/datastore/libraries/org/scala-lang/scala-compiler/2.11.1/scala-compiler-2.11.1.jar:/Users/tristanpoland/Library/Application Support/gdlauncher_next/datastore/libraries/org/scala-lang/plugins/scala-continuations-library_2.11/1.0.2_mc/scala-continuations-library_2.11-1.0.2_mc.jar:/Users/tristanpoland/Library/Application Support/gdlauncher_next/datastore/libraries/org/scala-lang/plugins/scala-continuations-plugin_2.11.1/1.0.2_mc/scala-continuations-plugin_2.11.1-1.0.2_mc.jar:/Users/tristanpoland/Library/Application Support/gdlauncher_next/datastore/libraries/org/scala-lang/scala-library/2.11.1/scala-library-2.11.1.jar:/Users/tristanpoland/Library/Application Support/gdlauncher_next/datastore/libraries/org/scala-lang/scala-parser-combinators_2.11/1.0.1/scala-parser-combinators_2.11-1.0.1.jar:/Users/tristanpoland/Library/Application Support/gdlauncher_next/datastore/libraries/org/scala-
Launcher Type: SUN_STANDARD

Environment Variables:
PATH=/usr/bin:/bin:/usr/sbin:/sbin
SHELL=/bin/zsh
DISPLAY=/private/tmp/com.apple.launchd.5bLZIX0kb1/org.macosforge.xquartz:0

Signal Handlers:
SIGSEGV: [libjvm.dylib+0x588183], sa_mask[0]=11111111011111110111111111111111, sa_flags=SA_ONSTACK|SA_RESTART|SA_SIGINFO
SIGBUS: [libjvm.dylib+0x588183], sa_mask[0]=11111111011111110111111111111111, sa_flags=SA_RESTART|SA_SIGINFO
SIGFPE: [libjvm.dylib+0x46288c], sa_mask[0]=11111111011111110111111111111111, sa_flags=SA_RESTART|SA_SIGINFO
SIGPIPE: [libjvm.dylib+0x46288c], sa_mask[0]=11111111011111110111111111111111, sa_flags=SA_RESTART|SA_SIGINFO
SIGXFSZ: [libjvm.dylib+0x46288c], sa_mask[0]=11111111011111110111111111111111, sa_flags=SA_RESTART|SA_SIGINFO
SIGILL: [libjvm.dylib+0x46288c], sa_mask[0]=11111111011111110111111111111111, sa_flags=SA_RESTART|SA_SIGINFO
SIGUSR1: SIG_DFL, sa_mask[0]=00000000000000000000000000000000, sa_flags=SA_RESTART
SIGUSR2: [libjvm.dylib+0x4623aa], sa_mask[0]=00000000000000000000000000000000, sa_flags=SA_RESTART|SA_SIGINFO
SIGHUP: [libjvm.dylib+0x460935], sa_mask[0]=11111111011111110111111111111111, sa_flags=SA_RESTART|SA_SIGINFO
SIGINT: [libjvm.dylib+0x460935], sa_mask[0]=11111111011111110111111111111111, sa_flags=SA_RESTART|SA_SIGINFO
SIGTERM: [libjvm.dylib+0x460935], sa_mask[0]=11111111011111110111111111111111, sa_flags=SA_RESTART|SA_SIGINFO
SIGQUIT: [libjvm.dylib+0x460935], sa_mask[0]=11111111011111110111111111111111, sa_flags=SA_RESTART|SA_SIGINFO


---------------  S Y S T E M  ---------------

OS:Bsduname:Darwin 20.5.0 Darwin Kernel Version 20.5.0: Sat May  8 05:10:33 PDT 2021; root:xnu-7195.121.3~9/RELEASE_X86_64 x86_64
rlimit: STACK 8192k, CORE 0k, NPROC 2784, NOFILE 10240, AS infinity
load average:7.89 5.17 4.76

CPU:total 8 (initial active 8) (4 cores per cpu, 2 threads per core) family 6 model 70 stepping 1, cmov, cx8, fxsr, mmx, sse, sse2, sse3, ssse3, sse4.1, sse4.2, popcnt, avx, avx2, aes, clmul, erms, lzcnt, ht, tsc, tscinvbit, bmi1, bmi2

Memory: 4k page, physical 16777216k(1465268k free)

/proc/meminfo:


vm_info: OpenJDK 64-Bit Server VM (25.242-b08) for bsd-amd64 JRE (1.8.0_242-b08), built on Jan 19 2020 06:43:11 by "jenkins" with gcc 4.2.1 (Based on Apple Inc. build 5658) (LLVM build 2336.11.00)

time: Wed Nov 10 21:34:26 2021
timezone: EST
elapsed time: 13 seconds (0d 0h 0m 13s)

